# JRE version: Java(TM) SE Runtime Environment (8.0_131-b11) (build 1.8.0_131-b11)
# Java VM: Java HotSpot(TM) 64-Bit Server VM (25.131-b11 mixed mode bsd-amd64 compressed oops)
Heap:
 PSYoungGen      total 32768K, used 10195K [0x0000000795580000, 0x0000000797f00000, 0x00000007c0000000)
  eden space 23040K, 15% used [0x0000000795580000,0x0000000795915d98,0x0000000796c00000)
  from space 9728K, 67% used [0x0000000797580000,0x0000000797bdf040,0x0000000797f00000)
  to   space 9728K, 0% used [0x0000000796c00000,0x0000000796c00000,0x0000000797580000)
 ParOldGen       total 87552K, used 29966K [0x0000000740000000, 0x0000000745580000, 0x0000000795580000)
  object space 87552K, 34% used [0x0000000740000000,0x0000000741d43bf8,0x0000000745580000)
 Metaspace       used 8588K, capacity 8777K, committed 8960K, reserved 1056768K
  class space    used 822K, capacity 910K, committed 1024K, reserved 1048576K
GC Heap History (10 events):
Event: 46.693 GC heap before
{Heap before GC invocations=104 (full 0):
 PSYoungGen      total 29696K, used 29532K [0x0000000795580000, 0x0000000797f00000, 0x00000007c0000000)
  eden space 23040K, 100% used [0x0000000795580000,0x0000000796c00000,0x0000000796c00000)
  from space 6656K, 97% used [0x0000000796c00000,0x0000000797257040,0x0000000797280000)
  to   space 9728K, 0% used [0x0000000797580000,0x0000000797580000,0x0000000797f00000)
 ParOldGen       total 87552K, used 29822K [0x0000000740000000, 0x0000000745580000, 0x0000000795580000)
  object space 87552K, 34% used [0x0000000740000000,0x0000000741d1fbf8,0x0000000745580000)
 Metaspace       used 8569K, capacity 8777K, committed 8960K, reserved 1056768K
  class space    used 822K, capacity 910K, committed 1024K, reserved 1048576K
Event: 46.695 GC heap after
Heap after GC invocations=104 (full 0):
 PSYoungGen      total 32768K, used 6524K [0x0000000795580000, 0x0000000797f00000, 0x00000007c0000000)
  eden space 23040K, 0% used [0x0000000795580000,0x0000000795580000,0x0000000796c00000)
  from space 9728K, 67% used [0x0000000797580000,0x0000000797bdf040,0x0000000797f00000)
  to   space 9728K, 0% used [0x0000000796c00000,0x0000000796c00000,0x0000000797580000)
 ParOldGen       total 87552K, used 29846K [0x0000000740000000, 0x0000000745580000, 0x0000000795580000)
  object space 87552K, 34% used [0x0000000740000000,0x0000000741d25bf8,0x0000000745580000)
 Metaspace       used 8569K, capacity 8777K, committed 8960K, reserved 1056768K
  class space    used 822K, capacity 910K, committed 1024K, reserved 1048576K
}
Event: 47.056 GC heap before
{Heap before GC invocations=105 (full 0):
 PSYoungGen      total 32768K, used 29564K [0x0000000795580000, 0x0000000797f00000, 0x00000007c0000000)
  eden space 23040K, 100% used [0x0000000795580000,0x0000000796c00000,0x0000000796c00000)
  from space 9728K, 67% used [0x0000000797580000,0x0000000797bdf040,0x0000000797f00000)
  to   space 9728K, 0% used [0x0000000796c00000,0x0000000796c00000,0x0000000797580000)
 ParOldGen       total 87552K, used 29846K [0x0000000740000000, 0x0000000745580000, 0x0000000795580000)
  object space 87552K, 34% used [0x0000000740000000,0x0000000741d25bf8,0x0000000745580000)
 Metaspace       used 8569K, capacity 8777K, committed 8960K, reserved 1056768K
  class space    used 822K, capacity 910K, committed 1024K, reserved 1048576K
Event: 47.057 GC heap after
Heap after GC invocations=105 (full 0):
 PSYoungGen      total 32768K, used 6524K [0x0000000795580000, 0x0000000797f00000, 0x00000007c0000000)
  eden space 23040K, 0% used [0x0000000795580000,0x0000000795580000,0x0000000796c00000)
  from space 9728K, 67% used [0x0000000796c00000,0x000000079725f040,0x0000000797580000)
  to   space 9728K, 0% used [0x0000000797580000,0x0000000797580000,0x0000000797f00000)
 ParOldGen       total 87552K, used 29870K [0x0000000740000000, 0x0000000745580000, 0x0000000795580000)
  object space 87552K, 34% used [0x0000000740000000,0x0000000741d2bbf8,0x0000000745580000)
 Metaspace       used 8569K, capacity 8777K, committed 8960K, reserved 1056768K
  class space    used 822K, capacity 910K, committed 1024K, reserved 1048576K
}
Event: 47.435 GC heap before
{Heap before GC invocations=106 (full 0):
 PSYoungGen      total 32768K, used 28006K [0x0000000795580000, 0x0000000797f00000, 0x00000007c0000000)
  eden space 23040K, 93% used [0x0000000795580000,0x0000000796a7aa70,0x0000000796c00000)
  from space 9728K, 67% used [0x0000000796c00000,0x000000079725f040,0x0000000797580000)
  to   space 9728K, 0% used [0x0000000797580000,0x0000000797580000,0x0000000797f00000)
 ParOldGen       total 87552K, used 29870K [0x0000000740000000, 0x0000000745580000, 0x0000000795580000)
  object space 87552K, 34% used [0x0000000740000000,0x0000000741d2bbf8,0x0000000745580000)
 Metaspace       used 8571K, capacity 8777K, committed 8960K, reserved 1056768K
  class space    used 822K, capacity 910K, committed 1024K, reserved 1048576K
Event: 47.436 GC heap after
Heap after GC invocations=106 (full 0):
 PSYoungGen      total 32768K, used 2892K [0x0000000795580000, 0x0000000797f00000, 0x00000007c0000000)
  eden space 23040K, 0% used [0x0000000795580000,0x0000000795580000,0x0000000796c00000)
  from space 9728K, 29% used [0x0000000797580000,0x0000000797853030,0x0000000797f00000)
  to   space 9728K, 0% used [0x0000000796c00000,0x0000000796c00000,0x0000000797580000)
 ParOldGen       total 87552K, used 29910K [0x0000000740000000, 0x0000000745580000, 0x0000000795580000)
  object space 87552K, 34% used [0x0000000740000000,0x0000000741d35bf8,0x0000000745580000)
 Metaspace       used 8571K, capacity 8777K, committed 8960K, reserved 1056768K
  class space    used 822K, capacity 910K, committed 1024K, reserved 1048576K
}
Event: 47.658 GC heap before
{Heap before GC invocations=107 (full 0):
 PSYoungGen      total 32768K, used 25932K [0x0000000795580000, 0x0000000797f00000, 0x00000007c0000000)
  eden space 23040K, 100% used [0x0000000795580000,0x0000000796c00000,0x0000000796c00000)
  from space 9728K, 29% used [0x0000000797580000,0x0000000797853030,0x0000000797f00000)
  to   space 9728K, 0% used [0x0000000796c00000,0x0000000796c00000,0x0000000797580000)
 ParOldGen       total 87552K, used 29910K [0x0000000740000000, 0x0000000745580000, 0x0000000795580000)
  object space 87552K, 34% used [0x0000000740000000,0x0000000741d35bf8,0x0000000745580000)
 Metaspace       used 8572K, capacity 8777K, committed 8960K, reserved 1056768K
  class space    used 822K, capacity 910K, committed 1024K, reserved 1048576K
Event: 47.660 GC heap after
Heap after GC invocations=107 (full 0):
 PSYoungGen      total 32768K, used 6524K [0x0000000795580000, 0x0000000797f00000, 0x00000007c0000000)
  eden space 23040K, 0% used [0x0000000795580000,0x0000000795580000,0x0000000796c00000)
  from space 9728K, 67% used [0x0000000796c00000,0x000000079725f040,0x0000000797580000)
  to   space 9728K, 0% used [0x0000000797580000,0x0000000797580000,0x0000000797f00000)
 ParOldGen       total 87552K, used 29942K [0x0000000740000000, 0x0000000745580000, 0x0000000795580000)
  object space 87552K, 34% used [0x0000000740000000,0x0000000741d3dbf8,0x0000000745580000)
 Metaspace       used 8572K, capacity 8777K, committed 8960K, reserved 1056768K
  class space    used 822K, capacity 910K, committed 1024K, reserved 1048576K
}
Event: 48.027 GC heap before
{Heap before GC invocations=108 (full 0):
 PSYoungGen      total 32768K, used 29564K [0x0000000795580000, 0x0000000797f00000, 0x00000007c0000000)
  eden space 23040K, 100% used [0x0000000795580000,0x0000000796c00000,0x0000000796c00000)
  from space 9728K, 67% used [0x0000000796c00000,0x000000079725f040,0x0000000797580000)
  to   space 9728K, 0% used [0x0000000797580000,0x0000000797580000,0x0000000797f00000)
 ParOldGen       total 87552K, used 29942K [0x0000000740000000, 0x0000000745580000, 0x0000000795580000)
  object space 87552K, 34% used [0x0000000740000000,0x0000000741d3dbf8,0x0000000745580000)
 Metaspace       used 8588K, capacity 8777K, committed 8960K, reserved 1056768K
  class space    used 822K, capacity 910K, committed 1024K, reserved 1048576K
Event: 48.029 GC heap after
Heap after GC invocations=108 (full 0):
 PSYoungGen      total 32768K, used 6524K [0x0000000795580000, 0x0000000797f00000, 0x00000007c0000000)
  eden space 23040K, 0% used [0x0000000795580000,0x0000000795580000,0x0000000796c00000)
  from space 9728K, 67% used [0x0000000797580000,0x0000000797bdf040,0x0000000797f00000)
  to   space 9728K, 0% used [0x0000000796c00000,0x0000000796c00000,0x0000000797580000)
 ParOldGen       total 87552K, used 29966K [0x0000000740000000, 0x0000000745580000, 0x0000000795580000)
  object space 87552K, 34% used [0x0000000740000000,0x0000000741d43bf8,0x0000000745580000)
 Metaspace       used 8588K, capacity 8777K, committed 8960K, reserved 1056768K
  class space    used 822K, capacity 910K, committed 1024K, reserved 1048576K
}

